library/build/intermediates/manifest_merge_blame_file/debug/manifest-merger-blame-debug-report.txt
1<?xml version="1.0" encoding="utf-8"?>
2<manifest xmlns:android="http://schemas.android.com/apk/res/android"
3    package="com.dawn.digital_camera" >
4
5    <uses-sdk android:minSdkVersion="21" />
5-->src\main\AndroidManifest.xml
6
7    <uses-feature android:name="android.hardware.usb.host" />
7-->src\main\AndroidManifest.xml:3:5-62
7-->src\main\AndroidManifest.xml:3:19-59
8
9    <application>
9-->src\main\AndroidManifest.xml:4:5-11:19
10        <activity
10-->src\main\AndroidManifest.xml:5:9-10:59
11            android:name="org.acra.CrashReportDialog"
11-->src\main\AndroidManifest.xml:6:13-54
12            android:excludeFromRecents="true"
12-->src\main\AndroidManifest.xml:7:13-46
13            android:finishOnTaskLaunch="true"
13-->src\main\AndroidManifest.xml:8:13-46
14            android:launchMode="singleInstance"
14-->src\main\AndroidManifest.xml:9:13-48
15            android:theme="@android:style/Theme.Dialog" />
15-->src\main\AndroidManifest.xml:10:13-56
16    </application>
17
18</manifest>